(node:24060) Warning: Setting the NODE_TLS_REJECT_UNAUTHORIZED environment variable to '0' makes TLS connections and HTTPS requests insecure by disabling certificate verification.
(Use `node --trace-warnings ...` to show where the warning was created)
[2023-03-25T23:22:15-04:00] insert failed: Error: The query is empty
    at Client_PG._query (/Users/jschool/code/investomatic/node_modules/knex/lib/dialects/postgres/index.js:209:25)
    at executeQuery (/Users/jschool/code/investomatic/node_modules/knex/lib/execution/internal/query-executioner.js:37:17)
    at Client_PG.query (/Users/jschool/code/investomatic/node_modules/knex/lib/client.js:144:12)
    at Runner.query (/Users/jschool/code/investomatic/node_modules/knex/lib/execution/runner.js:130:36)
    at ensureConnectionCallback (/Users/jschool/code/investomatic/node_modules/knex/lib/execution/internal/ensure-connection-callback.js:13:17)
    at Runner.ensureConnection (/Users/jschool/code/investomatic/node_modules/knex/lib/execution/runner.js:272:20)
    at processTicksAndRejections (node:internal/process/task_queues:96:5)
    at async Runner.run (/Users/jschool/code/investomatic/node_modules/knex/lib/execution/runner.js:30:19)
[2023-03-25T23:22:15-04:00] fetchHistories failed: Error: The query is empty
    at Client_PG._query (/Users/jschool/code/investomatic/node_modules/knex/lib/dialects/postgres/index.js:209:25)
    at executeQuery (/Users/jschool/code/investomatic/node_modules/knex/lib/execution/internal/query-executioner.js:37:17)
    at Client_PG.query (/Users/jschool/code/investomatic/node_modules/knex/lib/client.js:144:12)
    at Runner.query (/Users/jschool/code/investomatic/node_modules/knex/lib/execution/runner.js:130:36)
    at ensureConnectionCallback (/Users/jschool/code/investomatic/node_modules/knex/lib/execution/internal/ensure-connection-callback.js:13:17)
    at Runner.ensureConnection (/Users/jschool/code/investomatic/node_modules/knex/lib/execution/runner.js:272:20)
    at processTicksAndRejections (node:internal/process/task_queues:96:5)
    at async Runner.run (/Users/jschool/code/investomatic/node_modules/knex/lib/execution/runner.js:30:19)
node:internal/process/promises:279
            triggerUncaughtException(err, true /* fromPromise */);
            ^

Error: The query is empty
    at Client_PG._query (/Users/jschool/code/investomatic/node_modules/knex/lib/dialects/postgres/index.js:209:25)
    at executeQuery (/Users/jschool/code/investomatic/node_modules/knex/lib/execution/internal/query-executioner.js:37:17)
    at Client_PG.query (/Users/jschool/code/investomatic/node_modules/knex/lib/client.js:144:12)
    at Runner.query (/Users/jschool/code/investomatic/node_modules/knex/lib/execution/runner.js:130:36)
    at ensureConnectionCallback (/Users/jschool/code/investomatic/node_modules/knex/lib/execution/internal/ensure-connection-callback.js:13:17)
    at Runner.ensureConnection (/Users/jschool/code/investomatic/node_modules/knex/lib/execution/runner.js:272:20)
    at processTicksAndRejections (node:internal/process/task_queues:96:5)
    at async Runner.run (/Users/jschool/code/investomatic/node_modules/knex/lib/execution/runner.js:30:19)

Node.js v17.9.1
(node:24160) Warning: Setting the NODE_TLS_REJECT_UNAUTHORIZED environment variable to '0' makes TLS connections and HTTPS requests insecure by disabling certificate verification.
(Use `node --trace-warnings ...` to show where the warning was created)
error: [polling_error] {"code":"ETELEGRAM","message":"ETELEGRAM: 409 Conflict: terminated by other getUpdates request; make sure that only one bot instance is running"}
error: [polling_error] {"code":"ETELEGRAM","message":"ETELEGRAM: 409 Conflict: terminated by other getUpdates request; make sure that only one bot instance is running"}
error: [polling_error] {"code":"ETELEGRAM","message":"ETELEGRAM: 409 Conflict: terminated by other getUpdates request; make sure that only one bot instance is running"}
error: [polling_error] {"code":"ETELEGRAM","message":"ETELEGRAM: 409 Conflict: terminated by other getUpdates request; make sure that only one bot instance is running"}
error: [polling_error] {"code":"ETELEGRAM","message":"ETELEGRAM: 409 Conflict: terminated by other getUpdates request; make sure that only one bot instance is running"}
error: [polling_error] {"code":"ETELEGRAM","message":"ETELEGRAM: 409 Conflict: terminated by other getUpdates request; make sure that only one bot instance is running"}
error: [polling_error] {"code":"ETELEGRAM","message":"ETELEGRAM: 409 Conflict: terminated by other getUpdates request; make sure that only one bot instance is running"}
error: [polling_error] {"code":"ETELEGRAM","message":"ETELEGRAM: 409 Conflict: terminated by other getUpdates request; make sure that only one bot instance is running"}
error: [polling_error] {"code":"ETELEGRAM","message":"ETELEGRAM: 409 Conflict: terminated by other getUpdates request; make sure that only one bot instance is running"}
error: [polling_error] {"code":"ETELEGRAM","message":"ETELEGRAM: 409 Conflict: terminated by other getUpdates request; make sure that only one bot instance is running"}
error: [polling_error] {"code":"ETELEGRAM","message":"ETELEGRAM: 409 Conflict: terminated by other getUpdates request; make sure that only one bot instance is running"}
error: [polling_error] {"code":"ETELEGRAM","message":"ETELEGRAM: 409 Conflict: terminated by other getUpdates request; make sure that only one bot instance is running"}
error: [polling_error] {"code":"ETELEGRAM","message":"ETELEGRAM: 409 Conflict: terminated by other getUpdates request; make sure that only one bot instance is running"}
error: [polling_error] {"code":"ETELEGRAM","message":"ETELEGRAM: 409 Conflict: terminated by other getUpdates request; make sure that only one bot instance is running"}
error: [polling_error] {"code":"ETELEGRAM","message":"ETELEGRAM: 409 Conflict: terminated by other getUpdates request; make sure that only one bot instance is running"}
error: [polling_error] {"code":"ETELEGRAM","message":"ETELEGRAM: 409 Conflict: terminated by other getUpdates request; make sure that only one bot instance is running"}
error: [polling_error] {"code":"ETELEGRAM","message":"ETELEGRAM: 409 Conflict: terminated by other getUpdates request; make sure that only one bot instance is running"}
error: [polling_error] {"code":"ETELEGRAM","message":"ETELEGRAM: 409 Conflict: terminated by other getUpdates request; make sure that only one bot instance is running"}
error: [polling_error] {"code":"ETELEGRAM","message":"ETELEGRAM: 409 Conflict: terminated by other getUpdates request; make sure that only one bot instance is running"}
error: [polling_error] {"code":"ETELEGRAM","message":"ETELEGRAM: 409 Conflict: terminated by other getUpdates request; make sure that only one bot instance is running"}
error: [polling_error] {"code":"ETELEGRAM","message":"ETELEGRAM: 409 Conflict: terminated by other getUpdates request; make sure that only one bot instance is running"}
error: [polling_error] {"code":"ETELEGRAM","message":"ETELEGRAM: 409 Conflict: terminated by other getUpdates request; make sure that only one bot instance is running"}
error: [polling_error] {"code":"ETELEGRAM","message":"ETELEGRAM: 409 Conflict: terminated by other getUpdates request; make sure that only one bot instance is running"}
error: [polling_error] {"code":"ETELEGRAM","message":"ETELEGRAM: 409 Conflict: terminated by other getUpdates request; make sure that only one bot instance is running"}
error: [polling_error] {"code":"ETELEGRAM","message":"ETELEGRAM: 409 Conflict: terminated by other getUpdates request; make sure that only one bot instance is running"}
error: [polling_error] {"code":"ETELEGRAM","message":"ETELEGRAM: 409 Conflict: terminated by other getUpdates request; make sure that only one bot instance is running"}
