[33m[nodemon] 2.0.15[39m
[33m[nodemon] reading config ./nodemon.prod.json[39m
[33m[nodemon] to restart at any time, enter `rs`[39m
[33m[nodemon] or send SIGHUP to 24056 to restart[39m
[33m[nodemon] ignoring: ./.git/**/* node_modules/**/node_modules[39m
[33m[nodemon] watching path(s): dist/**/* restart.js[39m
[33m[nodemon] watching extensions: js,json[39m
[32m[nodemon] starting `node dist/app/server.js 2>> error.log 1>> server.log || touch restart.js`[39m
[33m[nodemon] spawning[39m
[33m[nodemon] child pid: 24059[39m
[33m[nodemon] watching 50 files[39m
[32m[nodemon] clean exit - waiting for changes before restart[39m
[33m[nodemon] exiting[39m
[33m[nodemon] 2.0.15[39m
[33m[nodemon] reading config ./nodemon.prod.json[39m
[33m[nodemon] to restart at any time, enter `rs`[39m
[33m[nodemon] or send SIGHUP to 24157 to restart[39m
[33m[nodemon] ignoring: ./.git/**/* node_modules/**/node_modules[39m
[33m[nodemon] watching path(s): dist/**/* restart.js[39m
[33m[nodemon] watching extensions: js,json[39m
[32m[nodemon] starting `node dist/app/server.js 2>> error.log 1>> server.log || touch restart.js`[39m
[33m[nodemon] spawning[39m
[33m[nodemon] child pid: 24159[39m
[33m[nodemon] watching 51 files[39m
[33m[nodemon] exiting[39m
