[
  {
    sql: 'select * from information_schema.tables where table_name = ? and table_schema = current_schema()',
    bindings: [ 'migrations' ],
    output: [Function: output]
  }
]
Checking for migrations table...
{
  method: 'select',
  options: {},
  timeout: false,
  cancelOnTimeout: false,
  bindings: [],
  __knexQueryUid: 'L26rQxVaQOEf-HJh0toIc',
  sql: 'select "version", "sql" from "migrations"'
}
Migrations completed.
migrations: 719.926ms
{
  method: 'del',
  options: {},
  timeout: false,
  cancelOnTimeout: false,
  bindings: [ 1664248933827 ],
  __knexQueryUid: 'a2mbSviW1DKfiSqWxSO2l',
  sql: 'delete from "quotes" where "quote_time_in_long" < ?',
  returning: undefined
}
Investomatic running on 80
[OUTGOING MESSAGE] Investomatic started successfully!
{
  method: 'select',
  options: {},
  timeout: false,
  cancelOnTimeout: false,
  bindings: [ true ],
  __knexQueryUid: '-V9D-6ns07nUN4_L_0Yd9',
  sql: 'select * from "symbols" where "watch" = ?'
}
[2023-03-25T23:22:14-04:00] getWatched: 476ms
{
  method: 'select',
  options: {},
  timeout: false,
  cancelOnTimeout: false,
  bindings: [ true ],
  __knexQueryUid: 'hNTbyRmnOj2OaI9XXC5dB',
  sql: 'select * from "symbols" where "watch" = ?'
}
[2023-03-25T23:22:14-04:00] getWatched: 575ms
{
  method: 'select',
  options: {},
  timeout: false,
  cancelOnTimeout: false,
  bindings: [ true ],
  __knexQueryUid: 'Z3RN3B1RkcyxYCvtRWhFK',
  sql: 'select * from "symbols" where "watch" = ?'
}
{
  method: 'select',
  options: {},
  timeout: false,
  cancelOnTimeout: false,
  bindings: [ false ],
  __knexQueryUid: '_M8jPZsmjheISKRm3ua-t',
  sql: 'select * from "recommendations" where "processed" = ?'
}
[2023-03-25T23:22:14-04:00] getWatched: 651ms
{
  method: 'select',
  options: {},
  timeout: false,
  cancelOnTimeout: false,
  bindings: [ 'JETS', 'VHT', 'VOO', 'VGT', 'ACES' ],
  __knexQueryUid: 'g-oitD4mFukL2COJtRiD_',
  sql: 'select distinct * from "quotes" where "symbol" in (?, ?, ?, ?, ?) order by "quote_time_in_long" desc'
}
[2023-03-25T23:22:14-04:00] getUnprocessedRecommendations: 691ms
{
  method: 'update',
  options: {},
  timeout: false,
  cancelOnTimeout: false,
  bindings: [ true, false ],
  __knexQueryUid: 'wkYkZn-ea6F0Ykbk1yne4',
  sql: 'update "recommendations" set "processed" = ? where "processed" = ?',
  returning: undefined
}
[2023-03-25T23:22:14-04:00] getQuotes: 360ms
{
  method: 'insert',
  options: {},
  timeout: false,
  cancelOnTimeout: false,
  bindings: [
    'P',
    17.42,
    100,
    'EQUITY',
    'ETF',
    'ETF',
    'P',
    17.35,
    100,
    ' ',
    17.29,
    '26922A842',
    true,
    'U.S. Global Jets ETF',
    2,
    0.14,
    '2021-12-23 00:00:00.000',
    0.82,
    'p',
    'PACIFIC',
    23.49,
    14.7737,
    17.33,
    'P',
    17.29,
    25400,
    17,
    true,
    17.29,
    0,
    0,
    0,
    0,
    17.17,
    0,
    1679702347287,
    17.29,
    254,
    0,
    0,
    1679702400002,
    'Normal',
    true,
    'JETS',
    4601168,
    1679702400002,
    0.0273,
    'P',
    236.73,
    100,
    'EQUITY',
    'ETF',
    'ETF',
    'P',
    231.5,
    200,
    ' ',
    233.88,
    '92204A504',
    true,
    'Vanguard Health Care ETF',
    2,
    3.3325,
    '2023-03-24 00:00:00.000',
    1.42,
    'p',
    'PACIFIC',
    265.79,
    217.12,
    234.24,
    'P',
    233.88,
    1400,
    229.715,
    true,
    233.88,
    0,
    0,
    0,
    0,
    230.5,
    0,
    1679702221079,
    233.88,
    14,
    0,
    0,
    1679702400001,
    'Normal',
    true,
    'VHT',
    144953,
    1679702400001,
    0.0759,
    'P',
    364.37,
    200,
    'EQUITY',
    'ETF',
    'ETF',
    ... 135 more items
  ],
  __knexQueryUid: 'oEEVzKZGAFdXNxgGqh_fa',
  sql: 'insert into "quotes" ("ask_id", "ask_price", "ask_size", "asset_main_type", "asset_sub_type", "asset_type", "bid_id", "bid_price", "bid_size", "bid_tick", "close_price", "cusip", "delayed", "description", "digits", "div_amount", "div_date", "div_yield", "exchange", "exchange_name", "fifty_two_wk_high", "fifty_two_wk_low", "high_price", "last_id", "last_price", "last_size", "low_price", "marginable", "mark", "mark_change_in_double", "mark_percent_change_in_double", "nav", "net_change", "net_percent_change_in_double", "open_price", "pe_ratio", "quote_time_in_long", "regular_market_last_price", "regular_market_last_size", "regular_market_net_change", "regular_market_percent_change_in_double", "regular_market_trade_time_in_long", "security_status", "shortable", "symbol", "total_volume", "trade_time_in_long", "volatility") values (?, ?, ?, ?, ?, ?, ?, ?, ?, ?, ?, ?, ?, ?, ?, ?, ?, ?, ?, ?, ?, ?, ?, ?, ?, ?, ?, ?, ?, ?, ?, DEFAULT, ?, ?, ?, ?, ?, ?, ?, ?, ?, ?, ?, ?, ?, ?, ?, ?), (?, ?, ?, ?, ?, ?, ?, ?, ?, ?, ?, ?, ?, ?, ?, ?, ?, ?, ?, ?, ?, ?, ?, ?, ?, ?, ?, ?, ?, ?, ?, DEFAULT, ?, ?, ?, ?, ?, ?, ?, ?, ?, ?, ?, ?, ?, ?, ?, ?), (?, ?, ?, ?, ?, ?, ?, ?, ?, ?, ?, ?, ?, ?, ?, ?, ?, ?, ?, ?, ?, ?, ?, ?, ?, ?, ?, ?, ?, ?, ?, DEFAULT, ?, ?, ?, ?, ?, ?, ?, ?, ?, ?, ?, ?, ?, ?, ?, ?), (?, ?, ?, ?, ?, ?, ?, ?, ?, ?, ?, ?, ?, ?, ?, ?, ?, ?, ?, ?, ?, ?, ?, ?, ?, ?, ?, ?, ?, ?, ?, DEFAULT, ?, ?, ?, ?, ?, ?, ?, ?, ?, ?, ?, ?, ?, ?, ?, ?), (?, ?, ?, ?, ?, ?, ?, ?, ?, ?, ?, ?, ?, ?, ?, ?, ?, ?, ?, ?, ?, ?, ?, ?, ?, ?, ?, ?, ?, ?, ?, DEFAULT, ?, ?, ?, ?, ?, ?, ?, ?, ?, ?, ?, ?, ?, ?, ?, ?)',
  returning: undefined
}
[2023-03-25T23:22:14-04:00] markRecommendationsAsProcessed: 188ms
[2023-03-25T23:22:14-04:00] processRecommendations: 884ms
undefined
[2023-03-25T23:22:14-04:00] insert: 72ms
[2023-03-25T23:22:14-04:00] fetchQuotes: 946ms
Result {
  command: 'INSERT',
  rowCount: 5,
  oid: 0,
  rows: [],
  fields: [],
  _parsers: undefined,
  _types: TypeOverrides {
    _types: {
      getTypeParser: [Function: getTypeParser],
      setTypeParser: [Function: setTypeParser],
      arrayParser: [Object],
      builtins: [Object]
    },
    text: {},
    binary: {}
  },
  RowCtor: null,
  rowAsArray: false
}
[2023-03-25T23:22:14-04:00] send: 946ms
[2023-03-25T23:22:15-04:00] getPriceHistories: 1379ms
{
  method: 'insert',
  options: {},
  timeout: false,
  cancelOnTimeout: false,
  bindings: [],
  __knexQueryUid: 'l55VFsonwazbr3pQX2hLn',
  sql: ''
}
[
  {
    sql: 'select * from information_schema.tables where table_name = ? and table_schema = current_schema()',
    bindings: [ 'migrations' ],
    output: [Function: output]
  }
]
Checking for migrations table...
{
  method: 'select',
  options: {},
  timeout: false,
  cancelOnTimeout: false,
  bindings: [],
  __knexQueryUid: '8cCift862Wqxo9nauGX-i',
  sql: 'select "version", "sql" from "migrations"'
}
Migrations completed.
migrations: 966.866ms
{
  method: 'del',
  options: {},
  timeout: false,
  cancelOnTimeout: false,
  bindings: [ 1664248997431 ],
  __knexQueryUid: '263qa31bvXX2xSA3CXmwn',
  sql: 'delete from "quotes" where "quote_time_in_long" < ?',
  returning: undefined
}
Investomatic running on 80
[OUTGOING MESSAGE] Investomatic started successfully!
{
  method: 'select',
  options: {},
  timeout: false,
  cancelOnTimeout: false,
  bindings: [ true ],
  __knexQueryUid: 'Wnhds3dR7aJ5s_0OVt0wN',
  sql: 'select * from "symbols" where "watch" = ?'
}
[2023-03-25T23:23:17-04:00] getWatched: 391ms
{
  method: 'select',
  options: {},
  timeout: false,
  cancelOnTimeout: false,
  bindings: [ true ],
  __knexQueryUid: 'SIQ82RFtj52xvQqPSAP20',
  sql: 'select * from "symbols" where "watch" = ?'
}
[2023-03-25T23:23:17-04:00] getWatched: 477ms
{
  method: 'select',
  options: {},
  timeout: false,
  cancelOnTimeout: false,
  bindings: [ true ],
  __knexQueryUid: 'Tgk0vkB7DpUEvlAG-0tbI',
  sql: 'select * from "symbols" where "watch" = ?'
}
{
  method: 'select',
  options: {},
  timeout: false,
  cancelOnTimeout: false,
  bindings: [ false ],
  __knexQueryUid: 'vCBtTWK6UemIkQ1ZVqhx0',
  sql: 'select * from "recommendations" where "processed" = ?'
}
[2023-03-25T23:23:17-04:00] getWatched: 557ms
{
  method: 'select',
  options: {},
  timeout: false,
  cancelOnTimeout: false,
  bindings: [ 'JETS', 'VHT', 'VOO', 'VGT', 'ACES' ],
  __knexQueryUid: 'Mh9rl_81KaQtU0xu3OlEM',
  sql: 'select distinct * from "quotes" where "symbol" in (?, ?, ?, ?, ?) order by "quote_time_in_long" desc'
}
[2023-03-25T23:23:18-04:00] getUnprocessedRecommendations: 656ms
{
  method: 'update',
  options: {},
  timeout: false,
  cancelOnTimeout: false,
  bindings: [ true, false ],
  __knexQueryUid: 'dCF7TMxsay8-ETtGgwIYg',
  sql: 'update "recommendations" set "processed" = ? where "processed" = ?',
  returning: undefined
}
[2023-03-25T23:23:18-04:00] getQuotes: 306ms
{
  method: 'insert',
  options: {},
  timeout: false,
  cancelOnTimeout: false,
  bindings: [
    'P',
    17.42,
    100,
    'EQUITY',
    'ETF',
    'ETF',
    'P',
    17.35,
    100,
    ' ',
    17.29,
    '26922A842',
    true,
    'U.S. Global Jets ETF',
    2,
    0.14,
    '2021-12-23 00:00:00.000',
    0.82,
    'p',
    'PACIFIC',
    23.49,
    14.7737,
    17.33,
    'P',
    17.29,
    25400,
    17,
    true,
    17.29,
    0,
    0,
    0,
    0,
    17.17,
    0,
    1679702347287,
    17.29,
    254,
    0,
    0,
    1679702400002,
    'Normal',
    true,
    'JETS',
    4601168,
    1679702400002,
    0.0273,
    'P',
    236.73,
    100,
    'EQUITY',
    'ETF',
    'ETF',
    'P',
    231.5,
    200,
    ' ',
    233.88,
    '92204A504',
    true,
    'Vanguard Health Care ETF',
    2,
    3.3325,
    '2023-03-24 00:00:00.000',
    1.42,
    'p',
    'PACIFIC',
    265.79,
    217.12,
    234.24,
    'P',
    233.88,
    1400,
    229.715,
    true,
    233.88,
    0,
    0,
    0,
    0,
    230.5,
    0,
    1679702221079,
    233.88,
    14,
    0,
    0,
    1679702400001,
    'Normal',
    true,
    'VHT',
    144953,
    1679702400001,
    0.0759,
    'P',
    364.37,
    200,
    'EQUITY',
    'ETF',
    'ETF',
    ... 135 more items
  ],
  __knexQueryUid: 'dAbTqAfA1uYBJfCAXLg8b',
  sql: 'insert into "quotes" ("ask_id", "ask_price", "ask_size", "asset_main_type", "asset_sub_type", "asset_type", "bid_id", "bid_price", "bid_size", "bid_tick", "close_price", "cusip", "delayed", "description", "digits", "div_amount", "div_date", "div_yield", "exchange", "exchange_name", "fifty_two_wk_high", "fifty_two_wk_low", "high_price", "last_id", "last_price", "last_size", "low_price", "marginable", "mark", "mark_change_in_double", "mark_percent_change_in_double", "nav", "net_change", "net_percent_change_in_double", "open_price", "pe_ratio", "quote_time_in_long", "regular_market_last_price", "regular_market_last_size", "regular_market_net_change", "regular_market_percent_change_in_double", "regular_market_trade_time_in_long", "security_status", "shortable", "symbol", "total_volume", "trade_time_in_long", "volatility") values (?, ?, ?, ?, ?, ?, ?, ?, ?, ?, ?, ?, ?, ?, ?, ?, ?, ?, ?, ?, ?, ?, ?, ?, ?, ?, ?, ?, ?, ?, ?, DEFAULT, ?, ?, ?, ?, ?, ?, ?, ?, ?, ?, ?, ?, ?, ?, ?, ?), (?, ?, ?, ?, ?, ?, ?, ?, ?, ?, ?, ?, ?, ?, ?, ?, ?, ?, ?, ?, ?, ?, ?, ?, ?, ?, ?, ?, ?, ?, ?, DEFAULT, ?, ?, ?, ?, ?, ?, ?, ?, ?, ?, ?, ?, ?, ?, ?, ?), (?, ?, ?, ?, ?, ?, ?, ?, ?, ?, ?, ?, ?, ?, ?, ?, ?, ?, ?, ?, ?, ?, ?, ?, ?, ?, ?, ?, ?, ?, ?, DEFAULT, ?, ?, ?, ?, ?, ?, ?, ?, ?, ?, ?, ?, ?, ?, ?, ?), (?, ?, ?, ?, ?, ?, ?, ?, ?, ?, ?, ?, ?, ?, ?, ?, ?, ?, ?, ?, ?, ?, ?, ?, ?, ?, ?, ?, ?, ?, ?, DEFAULT, ?, ?, ?, ?, ?, ?, ?, ?, ?, ?, ?, ?, ?, ?, ?, ?), (?, ?, ?, ?, ?, ?, ?, ?, ?, ?, ?, ?, ?, ?, ?, ?, ?, ?, ?, ?, ?, ?, ?, ?, ?, ?, ?, ?, ?, ?, ?, DEFAULT, ?, ?, ?, ?, ?, ?, ?, ?, ?, ?, ?, ?, ?, ?, ?, ?)',
  returning: undefined
}
[2023-03-25T23:23:18-04:00] markRecommendationsAsProcessed: 116ms
[2023-03-25T23:23:18-04:00] processRecommendations: 776ms
undefined
[2023-03-25T23:23:18-04:00] insert: 71ms
[2023-03-25T23:23:18-04:00] fetchQuotes: 799ms
Result {
  command: 'INSERT',
  rowCount: 5,
  oid: 0,
  rows: [],
  fields: [],
  _parsers: undefined,
  _types: TypeOverrides {
    _types: {
      getTypeParser: [Function: getTypeParser],
      setTypeParser: [Function: setTypeParser],
      arrayParser: [Object],
      builtins: [Object]
    },
    text: {},
    binary: {}
  },
  RowCtor: null,
  rowAsArray: false
}
[2023-03-25T23:23:18-04:00] send: 887ms
[2023-03-25T23:23:19-04:00] getPriceHistories: 1360ms
{
  method: 'insert',
  options: {},
  timeout: false,
  cancelOnTimeout: false,
  bindings: [
    316.07,        1672120800000, 318.51,        314.41,        318.49,
    'VGT',         660241,        311.1,         1672207200000, 317.89,
    310.75,        315.56,        'VGT',         613420,        319.58,
    1672293600000, 320.73,        313.84,        314.54,        'VGT',
    620789,        319.41,        1672380000000, 319.41,        314.43,
    316.24,        'VGT',         622465,        316.35,        1672725600000,
    325.17,        314.27,        322.362,       'VGT',         742514,
    317.72,        1672812000000, 319.8132,      314.39,        318.01,
    'VGT',         570251,        311.14,        1672898400000, 316,
    310.69,        315.93,        'VGT',         556187,        320.04,
    1672984800000, 321.47,        310,           313.82,        'VGT',
    772036,        324.05,        1673244000000, 329.78,        323.07,
    323.38,        'VGT',         645798,        326.15,        1673330400000,
    326.49,        321.28,        323.19,        'VGT',         2265296,
    331.65,        1673416800000, 331.74,        325.96,        327.27,
    'VGT',         521121,        334.24,        1673503200000, 335.5,
    327.79,        332.11,        'VGT',         537964,        335.65,
    1673589600000, 335.8699,      330.335,       331.16,        'VGT',
    494620,        337.33,        1673935200000, 338.965,       334.445,
    334.89,        'VGT',         545423,        333.08,        1674021600000,
    ... 327 more items
  ],
  __knexQueryUid: 'G5PD5NvTJLbCx6HcJvUC7',
  sql: 'insert into "candles" ("close", "datetime", "high", "low", "open", "symbol", "volume") values (?, ?, ?, ?, ?, ?, ?), (?, ?, ?, ?, ?, ?, ?), (?, ?, ?, ?, ?, ?, ?), (?, ?, ?, ?, ?, ?, ?), (?, ?, ?, ?, ?, ?, ?), (?, ?, ?, ?, ?, ?, ?), (?, ?, ?, ?, ?, ?, ?), (?, ?, ?, ?, ?, ?, ?), (?, ?, ?, ?, ?, ?, ?), (?, ?, ?, ?, ?, ?, ?), (?, ?, ?, ?, ?, ?, ?), (?, ?, ?, ?, ?, ?, ?), (?, ?, ?, ?, ?, ?, ?), (?, ?, ?, ?, ?, ?, ?), (?, ?, ?, ?, ?, ?, ?), (?, ?, ?, ?, ?, ?, ?), (?, ?, ?, ?, ?, ?, ?), (?, ?, ?, ?, ?, ?, ?), (?, ?, ?, ?, ?, ?, ?), (?, ?, ?, ?, ?, ?, ?), (?, ?, ?, ?, ?, ?, ?), (?, ?, ?, ?, ?, ?, ?), (?, ?, ?, ?, ?, ?, ?), (?, ?, ?, ?, ?, ?, ?), (?, ?, ?, ?, ?, ?, ?), (?, ?, ?, ?, ?, ?, ?), (?, ?, ?, ?, ?, ?, ?), (?, ?, ?, ?, ?, ?, ?), (?, ?, ?, ?, ?, ?, ?), (?, ?, ?, ?, ?, ?, ?), (?, ?, ?, ?, ?, ?, ?), (?, ?, ?, ?, ?, ?, ?), (?, ?, ?, ?, ?, ?, ?), (?, ?, ?, ?, ?, ?, ?), (?, ?, ?, ?, ?, ?, ?), (?, ?, ?, ?, ?, ?, ?), (?, ?, ?, ?, ?, ?, ?), (?, ?, ?, ?, ?, ?, ?), (?, ?, ?, ?, ?, ?, ?), (?, ?, ?, ?, ?, ?, ?), (?, ?, ?, ?, ?, ?, ?), (?, ?, ?, ?, ?, ?, ?), (?, ?, ?, ?, ?, ?, ?), (?, ?, ?, ?, ?, ?, ?), (?, ?, ?, ?, ?, ?, ?), (?, ?, ?, ?, ?, ?, ?), (?, ?, ?, ?, ?, ?, ?), (?, ?, ?, ?, ?, ?, ?), (?, ?, ?, ?, ?, ?, ?), (?, ?, ?, ?, ?, ?, ?), (?, ?, ?, ?, ?, ?, ?), (?, ?, ?, ?, ?, ?, ?), (?, ?, ?, ?, ?, ?, ?), (?, ?, ?, ?, ?, ?, ?), (?, ?, ?, ?, ?, ?, ?), (?, ?, ?, ?, ?, ?, ?), (?, ?, ?, ?, ?, ?, ?), (?, ?, ?, ?, ?, ?, ?), (?, ?, ?, ?, ?, ?, ?), (?, ?, ?, ?, ?, ?, ?), (?, ?, ?, ?, ?, ?, ?)',
  returning: undefined
}
[2023-03-25T23:23:19-04:00] insert: 72ms
[2023-03-25T23:23:19-04:00] fetchHistories: 1913ms
Result {
  command: 'INSERT',
  rowCount: 61,
  oid: 0,
  rows: [],
  fields: [],
  _parsers: undefined,
  _types: TypeOverrides {
    _types: {
      getTypeParser: [Function: getTypeParser],
      setTypeParser: [Function: setTypeParser],
      arrayParser: [Object],
      builtins: [Object]
    },
    text: {},
    binary: {}
  },
  RowCtor: null,
  rowAsArray: false
}
[2023-03-25T23:23:20-04:00] deleteBefore: 2854ms
[2023-03-25T23:23:20-04:00] cleanUp: 2857ms
[2023-03-25T23:24:06-04:00] getQuotesBySymbols: 48972ms
{
  method: 'select',
  options: {},
  timeout: false,
  cancelOnTimeout: false,
  bindings: [ 1677385446000 ],
  __knexQueryUid: '_ALFhc5NQ_kzNjPvqYZYm',
  sql: 'select distinct * from "candles" where "datetime" > ? order by "datetime" desc'
}
[2023-03-25T23:24:11-04:00] getCandlesBySymbols: 4171ms
[2023-03-25T23:24:11-04:00] getRecommendations: 1ms
{
  method: 'select',
  options: {},
  timeout: false,
  cancelOnTimeout: false,
  bindings: [
    'JETS',
    'VHT',
    'VOO',
    'VGT',
    'ACES',
    true,
    '2023-03-25T03:24:11.142Z'
  ],
  __knexQueryUid: 'nanrEWj964UA2BZ8aznXH',
  sql: 'select * from "recommendations" where "symbol" in (?, ?, ?, ?, ?) and "buy" = ? and "created_at" > ?'
}
{
  method: 'insert',
  options: {},
  timeout: false,
  cancelOnTimeout: false,
  bindings: [
    '17.42',
    true,
    -0.06662466908913309,
    '2023-03-26T03:24:11.138Z',
    '23.49',
    0.09466565349151207,
    0.16129032258064516,
    false,
    '20.21',
    '17.29',
    true,
    'JETS',
    0.04452054794520633,
    0.3036035932677859,
    '236.73',
    false,
    0.5461555038115586,
    '2023-03-26T03:24:11.138Z',
    '265.79',
    0.7074458263922038,
    0.16129032258064516,
    false,
    '239.12',
    '228.23',
    false,
    'VHT',
    0.7805325987144158,
    0.402917608382987,
    '364.37',
    false,
    0.39101825207666674,
    '2023-03-26T03:24:11.138Z',
    '424.72',
    0.5523085746573119,
    0.16129032258064516,
    false,
    '371.73',
    '354.08',
    false,
    'VOO',
    0.5830028328611898,
    0.4244158321411539,
    '375.98',
    false,
    0.8962099903746982,
    '2023-03-26T03:24:11.138Z',
    '429.56',
    1.0575003129553433,
    0.16129032258064516,
    false,
    '372.02',
    '347.95',
    false,
    'VGT',
    1.1645201495637738,
    0.6115843270868826,
    '47.65',
    false,
    0.5013415731864189,
    '2023-03-26T03:24:11.138Z',
    '67.925',
    0.662631895767064,
    0.16129032258064516,
    false,
    '49.07',
    '42.88',
    false,
    'ACES',
    0.7705977382875602,
    0.21277421859833034
  ],
  __knexQueryUid: 'prPCbbqeo-wf5suBQ4Rcg',
  sql: 'insert into "recommendations" ("ask_price", "buy", "combined_and_weighted_price_percentage", "created_at", "fifty_two_wk_high", "interpolated_price_percentage", "interval_progress_weight", "processed", "range_high", "range_low", "send_message", "symbol", "three_month_percent", "year_percent") values (?, ?, ?, ?, ?, ?, ?, ?, ?, ?, ?, ?, ?, ?), (?, ?, ?, ?, ?, ?, ?, ?, ?, ?, ?, ?, ?, ?), (?, ?, ?, ?, ?, ?, ?, ?, ?, ?, ?, ?, ?, ?), (?, ?, ?, ?, ?, ?, ?, ?, ?, ?, ?, ?, ?, ?), (?, ?, ?, ?, ?, ?, ?, ?, ?, ?, ?, ?, ?, ?)',
  returning: undefined
}
[2023-03-25T23:24:11-04:00] insert: 233ms
[2023-03-25T23:24:11-04:00] buildRecommendations: 53940ms
Result {
  command: 'INSERT',
  rowCount: 5,
  oid: 0,
  rows: [],
  fields: [],
  _parsers: undefined,
  _types: TypeOverrides {
    _types: {
      getTypeParser: [Function: getTypeParser],
      setTypeParser: [Function: setTypeParser],
      arrayParser: [Object],
      builtins: [Object]
    },
    text: {},
    binary: {}
  },
  RowCtor: null,
  rowAsArray: false
}
{
  method: 'select',
  options: {},
  timeout: false,
  cancelOnTimeout: false,
  bindings: [ true ],
  __knexQueryUid: 'rjbMxWzI9D8EVOWE_gsDQ',
  sql: 'select * from "symbols" where "watch" = ?'
}
{
  method: 'select',
  options: {},
  timeout: false,
  cancelOnTimeout: false,
  bindings: [ false ],
  __knexQueryUid: 'y5NZXokYZa47mVGMU9OBl',
  sql: 'select * from "recommendations" where "processed" = ?'
}
[2023-03-25T23:24:17-04:00] getWatched: 72ms
[2023-03-25T23:24:17-04:00] getUnprocessedRecommendations: 83ms
[OUTGOING MESSAGE] 👋 here are your recommendations for JETS

JETS is $17.42
* that's 13.81% lower than it's 3 month high of $20.21
* and 25.84% lower than it's 52 week high of $23.49
* buy it!
[2023-03-25T23:24:17-04:00] send: 262ms
{
  method: 'update',
  options: {},
  timeout: false,
  cancelOnTimeout: false,
  bindings: [ true, false ],
  __knexQueryUid: '0cqU32VJyZWLe_06uSeeF',
  sql: 'update "recommendations" set "processed" = ? where "processed" = ?',
  returning: undefined
}
[2023-03-25T23:24:17-04:00] getQuotes: 285ms
{
  method: 'insert',
  options: {},
  timeout: false,
  cancelOnTimeout: false,
  bindings: [
    'P',
    17.42,
    100,
    'EQUITY',
    'ETF',
    'ETF',
    'P',
    17.35,
    100,
    ' ',
    17.29,
    '26922A842',
    true,
    'U.S. Global Jets ETF',
    2,
    0.14,
    '2021-12-23 00:00:00.000',
    0.82,
    'p',
    'PACIFIC',
    23.49,
    14.7737,
    17.33,
    'P',
    17.29,
    25400,
    17,
    true,
    17.29,
    0,
    0,
    0,
    0,
    17.17,
    0,
    1679702347287,
    17.29,
    254,
    0,
    0,
    1679702400002,
    'Normal',
    true,
    'JETS',
    4601168,
    1679702400002,
    0.0273,
    'P',
    236.73,
    100,
    'EQUITY',
    'ETF',
    'ETF',
    'P',
    231.5,
    200,
    ' ',
    233.88,
    '92204A504',
    true,
    'Vanguard Health Care ETF',
    2,
    3.3325,
    '2023-03-24 00:00:00.000',
    1.42,
    'p',
    'PACIFIC',
    265.79,
    217.12,
    234.24,
    'P',
    233.88,
    1400,
    229.715,
    true,
    233.88,
    0,
    0,
    0,
    0,
    230.5,
    0,
    1679702221079,
    233.88,
    14,
    0,
    0,
    1679702400001,
    'Normal',
    true,
    'VHT',
    144953,
    1679702400001,
    0.0759,
    'P',
    364.37,
    200,
    'EQUITY',
    'ETF',
    'ETF',
    ... 135 more items
  ],
  __knexQueryUid: '1iKamwhLgLJ7tG74JNDUb',
  sql: 'insert into "quotes" ("ask_id", "ask_price", "ask_size", "asset_main_type", "asset_sub_type", "asset_type", "bid_id", "bid_price", "bid_size", "bid_tick", "close_price", "cusip", "delayed", "description", "digits", "div_amount", "div_date", "div_yield", "exchange", "exchange_name", "fifty_two_wk_high", "fifty_two_wk_low", "high_price", "last_id", "last_price", "last_size", "low_price", "marginable", "mark", "mark_change_in_double", "mark_percent_change_in_double", "nav", "net_change", "net_percent_change_in_double", "open_price", "pe_ratio", "quote_time_in_long", "regular_market_last_price", "regular_market_last_size", "regular_market_net_change", "regular_market_percent_change_in_double", "regular_market_trade_time_in_long", "security_status", "shortable", "symbol", "total_volume", "trade_time_in_long", "volatility") values (?, ?, ?, ?, ?, ?, ?, ?, ?, ?, ?, ?, ?, ?, ?, ?, ?, ?, ?, ?, ?, ?, ?, ?, ?, ?, ?, ?, ?, ?, ?, DEFAULT, ?, ?, ?, ?, ?, ?, ?, ?, ?, ?, ?, ?, ?, ?, ?, ?), (?, ?, ?, ?, ?, ?, ?, ?, ?, ?, ?, ?, ?, ?, ?, ?, ?, ?, ?, ?, ?, ?, ?, ?, ?, ?, ?, ?, ?, ?, ?, DEFAULT, ?, ?, ?, ?, ?, ?, ?, ?, ?, ?, ?, ?, ?, ?, ?, ?), (?, ?, ?, ?, ?, ?, ?, ?, ?, ?, ?, ?, ?, ?, ?, ?, ?, ?, ?, ?, ?, ?, ?, ?, ?, ?, ?, ?, ?, ?, ?, DEFAULT, ?, ?, ?, ?, ?, ?, ?, ?, ?, ?, ?, ?, ?, ?, ?, ?), (?, ?, ?, ?, ?, ?, ?, ?, ?, ?, ?, ?, ?, ?, ?, ?, ?, ?, ?, ?, ?, ?, ?, ?, ?, ?, ?, ?, ?, ?, ?, DEFAULT, ?, ?, ?, ?, ?, ?, ?, ?, ?, ?, ?, ?, ?, ?, ?, ?), (?, ?, ?, ?, ?, ?, ?, ?, ?, ?, ?, ?, ?, ?, ?, ?, ?, ?, ?, ?, ?, ?, ?, ?, ?, ?, ?, ?, ?, ?, ?, DEFAULT, ?, ?, ?, ?, ?, ?, ?, ?, ?, ?, ?, ?, ?, ?, ?, ?)',
  returning: undefined
}
[2023-03-25T23:24:17-04:00] insert: 82ms
[2023-03-25T23:24:17-04:00] fetchQuotes: 442ms
Result {
  command: 'INSERT',
  rowCount: 5,
  oid: 0,
  rows: [],
  fields: [],
  _parsers: undefined,
  _types: TypeOverrides {
    _types: {
      getTypeParser: [Function: getTypeParser],
      setTypeParser: [Function: setTypeParser],
      arrayParser: [Object],
      builtins: [Object]
    },
    text: {},
    binary: {}
  },
  RowCtor: null,
  rowAsArray: false
}
[2023-03-25T23:24:17-04:00] markRecommendationsAsProcessed: 90ms
[2023-03-25T23:24:17-04:00] processRecommendations: 440ms
undefined
{
  method: 'select',
  options: {},
  timeout: false,
  cancelOnTimeout: false,
  bindings: [ true ],
  __knexQueryUid: 'TWIdD3iZBxLDVRU_mCqMG',
  sql: 'select * from "symbols" where "watch" = ?'
}
{
  method: 'select',
  options: {},
  timeout: false,
  cancelOnTimeout: false,
  bindings: [ false ],
  __knexQueryUid: 'wcYJvTPI0C36DFWaIRs8y',
  sql: 'select * from "recommendations" where "processed" = ?'
}
[2023-03-25T23:25:17-04:00] getWatched: 68ms
[2023-03-25T23:25:17-04:00] getUnprocessedRecommendations: 75ms
{
  method: 'update',
  options: {},
  timeout: false,
  cancelOnTimeout: false,
  bindings: [ true, false ],
  __knexQueryUid: 'XOFIkvHY6Ek9pFKyCAbaX',
  sql: 'update "recommendations" set "processed" = ? where "processed" = ?',
  returning: undefined
}
[2023-03-25T23:25:17-04:00] markRecommendationsAsProcessed: 70ms
[2023-03-25T23:25:17-04:00] processRecommendations: 148ms
undefined
[2023-03-25T23:25:17-04:00] getQuotes: 209ms
{
  method: 'insert',
  options: {},
  timeout: false,
  cancelOnTimeout: false,
  bindings: [
    'P',
    17.42,
    100,
    'EQUITY',
    'ETF',
    'ETF',
    'P',
    17.35,
    100,
    ' ',
    17.29,
    '26922A842',
    true,
    'U.S. Global Jets ETF',
    2,
    0.14,
    '2021-12-23 00:00:00.000',
    0.82,
    'p',
    'PACIFIC',
    23.49,
    14.7737,
    17.33,
    'P',
    17.29,
    25400,
    17,
    true,
    17.29,
    0,
    0,
    0,
    0,
    17.17,
    0,
    1679702347287,
    17.29,
    254,
    0,
    0,
    1679702400002,
    'Normal',
    true,
    'JETS',
    4601168,
    1679702400002,
    0.0273,
    'P',
    236.73,
    100,
    'EQUITY',
    'ETF',
    'ETF',
    'P',
    231.5,
    200,
    ' ',
    233.88,
    '92204A504',
    true,
    'Vanguard Health Care ETF',
    2,
    3.3325,
    '2023-03-24 00:00:00.000',
    1.42,
    'p',
    'PACIFIC',
    265.79,
    217.12,
    234.24,
    'P',
    233.88,
    1400,
    229.715,
    true,
    233.88,
    0,
    0,
    0,
    0,
    230.5,
    0,
    1679702221079,
    233.88,
    14,
    0,
    0,
    1679702400001,
    'Normal',
    true,
    'VHT',
    144953,
    1679702400001,
    0.0759,
    'P',
    364.37,
    200,
    'EQUITY',
    'ETF',
    'ETF',
    ... 135 more items
  ],
  __knexQueryUid: 'UU3SQ5oQ1RSRjCxlvzUg4',
  sql: 'insert into "quotes" ("ask_id", "ask_price", "ask_size", "asset_main_type", "asset_sub_type", "asset_type", "bid_id", "bid_price", "bid_size", "bid_tick", "close_price", "cusip", "delayed", "description", "digits", "div_amount", "div_date", "div_yield", "exchange", "exchange_name", "fifty_two_wk_high", "fifty_two_wk_low", "high_price", "last_id", "last_price", "last_size", "low_price", "marginable", "mark", "mark_change_in_double", "mark_percent_change_in_double", "nav", "net_change", "net_percent_change_in_double", "open_price", "pe_ratio", "quote_time_in_long", "regular_market_last_price", "regular_market_last_size", "regular_market_net_change", "regular_market_percent_change_in_double", "regular_market_trade_time_in_long", "security_status", "shortable", "symbol", "total_volume", "trade_time_in_long", "volatility") values (?, ?, ?, ?, ?, ?, ?, ?, ?, ?, ?, ?, ?, ?, ?, ?, ?, ?, ?, ?, ?, ?, ?, ?, ?, ?, ?, ?, ?, ?, ?, DEFAULT, ?, ?, ?, ?, ?, ?, ?, ?, ?, ?, ?, ?, ?, ?, ?, ?), (?, ?, ?, ?, ?, ?, ?, ?, ?, ?, ?, ?, ?, ?, ?, ?, ?, ?, ?, ?, ?, ?, ?, ?, ?, ?, ?, ?, ?, ?, ?, DEFAULT, ?, ?, ?, ?, ?, ?, ?, ?, ?, ?, ?, ?, ?, ?, ?, ?), (?, ?, ?, ?, ?, ?, ?, ?, ?, ?, ?, ?, ?, ?, ?, ?, ?, ?, ?, ?, ?, ?, ?, ?, ?, ?, ?, ?, ?, ?, ?, DEFAULT, ?, ?, ?, ?, ?, ?, ?, ?, ?, ?, ?, ?, ?, ?, ?, ?), (?, ?, ?, ?, ?, ?, ?, ?, ?, ?, ?, ?, ?, ?, ?, ?, ?, ?, ?, ?, ?, ?, ?, ?, ?, ?, ?, ?, ?, ?, ?, DEFAULT, ?, ?, ?, ?, ?, ?, ?, ?, ?, ?, ?, ?, ?, ?, ?, ?), (?, ?, ?, ?, ?, ?, ?, ?, ?, ?, ?, ?, ?, ?, ?, ?, ?, ?, ?, ?, ?, ?, ?, ?, ?, ?, ?, ?, ?, ?, ?, DEFAULT, ?, ?, ?, ?, ?, ?, ?, ?, ?, ?, ?, ?, ?, ?, ?, ?)',
  returning: undefined
}
[2023-03-25T23:25:17-04:00] insert: 67ms
[2023-03-25T23:25:17-04:00] fetchQuotes: 348ms
Result {
  command: 'INSERT',
  rowCount: 5,
  oid: 0,
  rows: [],
  fields: [],
  _parsers: undefined,
  _types: TypeOverrides {
    _types: {
      getTypeParser: [Function: getTypeParser],
      setTypeParser: [Function: setTypeParser],
      arrayParser: [Object],
      builtins: [Object]
    },
    text: {},
    binary: {}
  },
  RowCtor: null,
  rowAsArray: false
}
{
  method: 'select',
  options: {},
  timeout: false,
  cancelOnTimeout: false,
  bindings: [ true ],
  __knexQueryUid: '9cFC2JpfzcowPfmHCOzt2',
  sql: 'select * from "symbols" where "watch" = ?'
}
{
  method: 'select',
  options: {},
  timeout: false,
  cancelOnTimeout: false,
  bindings: [ false ],
  __knexQueryUid: 'HadLGuhm0exbBhaDL1Js0',
  sql: 'select * from "recommendations" where "processed" = ?'
}
[2023-03-25T23:26:17-04:00] getWatched: 61ms
[2023-03-25T23:26:17-04:00] getUnprocessedRecommendations: 80ms
{
  method: 'update',
  options: {},
  timeout: false,
  cancelOnTimeout: false,
  bindings: [ true, false ],
  __knexQueryUid: 'eqVlHiG5vtbyjCaJ5-kUB',
  sql: 'update "recommendations" set "processed" = ? where "processed" = ?',
  returning: undefined
}
[2023-03-25T23:26:17-04:00] markRecommendationsAsProcessed: 74ms
[2023-03-25T23:26:17-04:00] processRecommendations: 156ms
undefined
[2023-03-25T23:26:17-04:00] getQuotes: 322ms
{
  method: 'insert',
  options: {},
  timeout: false,
  cancelOnTimeout: false,
  bindings: [
    'P',
    17.42,
    100,
    'EQUITY',
    'ETF',
    'ETF',
    'P',
    17.35,
    100,
    ' ',
    17.29,
    '26922A842',
    true,
    'U.S. Global Jets ETF',
    2,
    0.14,
    '2021-12-23 00:00:00.000',
    0.82,
    'p',
    'PACIFIC',
    23.49,
    14.7737,
    17.33,
    'P',
    17.29,
    25400,
    17,
    true,
    17.29,
    0,
    0,
    0,
    0,
    17.17,
    0,
    1679702347287,
    17.29,
    254,
    0,
    0,
    1679702400002,
    'Normal',
    true,
    'JETS',
    4601168,
    1679702400002,
    0.0273,
    'P',
    236.73,
    100,
    'EQUITY',
    'ETF',
    'ETF',
    'P',
    231.5,
    200,
    ' ',
    233.88,
    '92204A504',
    true,
    'Vanguard Health Care ETF',
    2,
    3.3325,
    '2023-03-24 00:00:00.000',
    1.42,
    'p',
    'PACIFIC',
    265.79,
    217.12,
    234.24,
    'P',
    233.88,
    1400,
    229.715,
    true,
    233.88,
    0,
    0,
    0,
    0,
    230.5,
    0,
    1679702221079,
    233.88,
    14,
    0,
    0,
    1679702400001,
    'Normal',
    true,
    'VHT',
    144953,
    1679702400001,
    0.0759,
    'P',
    364.37,
    200,
    'EQUITY',
    'ETF',
    'ETF',
    ... 135 more items
  ],
  __knexQueryUid: 'yQPKwYp3JMTJ-E5hGxov7',
  sql: 'insert into "quotes" ("ask_id", "ask_price", "ask_size", "asset_main_type", "asset_sub_type", "asset_type", "bid_id", "bid_price", "bid_size", "bid_tick", "close_price", "cusip", "delayed", "description", "digits", "div_amount", "div_date", "div_yield", "exchange", "exchange_name", "fifty_two_wk_high", "fifty_two_wk_low", "high_price", "last_id", "last_price", "last_size", "low_price", "marginable", "mark", "mark_change_in_double", "mark_percent_change_in_double", "nav", "net_change", "net_percent_change_in_double", "open_price", "pe_ratio", "quote_time_in_long", "regular_market_last_price", "regular_market_last_size", "regular_market_net_change", "regular_market_percent_change_in_double", "regular_market_trade_time_in_long", "security_status", "shortable", "symbol", "total_volume", "trade_time_in_long", "volatility") values (?, ?, ?, ?, ?, ?, ?, ?, ?, ?, ?, ?, ?, ?, ?, ?, ?, ?, ?, ?, ?, ?, ?, ?, ?, ?, ?, ?, ?, ?, ?, DEFAULT, ?, ?, ?, ?, ?, ?, ?, ?, ?, ?, ?, ?, ?, ?, ?, ?), (?, ?, ?, ?, ?, ?, ?, ?, ?, ?, ?, ?, ?, ?, ?, ?, ?, ?, ?, ?, ?, ?, ?, ?, ?, ?, ?, ?, ?, ?, ?, DEFAULT, ?, ?, ?, ?, ?, ?, ?, ?, ?, ?, ?, ?, ?, ?, ?, ?), (?, ?, ?, ?, ?, ?, ?, ?, ?, ?, ?, ?, ?, ?, ?, ?, ?, ?, ?, ?, ?, ?, ?, ?, ?, ?, ?, ?, ?, ?, ?, DEFAULT, ?, ?, ?, ?, ?, ?, ?, ?, ?, ?, ?, ?, ?, ?, ?, ?), (?, ?, ?, ?, ?, ?, ?, ?, ?, ?, ?, ?, ?, ?, ?, ?, ?, ?, ?, ?, ?, ?, ?, ?, ?, ?, ?, ?, ?, ?, ?, DEFAULT, ?, ?, ?, ?, ?, ?, ?, ?, ?, ?, ?, ?, ?, ?, ?, ?), (?, ?, ?, ?, ?, ?, ?, ?, ?, ?, ?, ?, ?, ?, ?, ?, ?, ?, ?, ?, ?, ?, ?, ?, ?, ?, ?, ?, ?, ?, ?, DEFAULT, ?, ?, ?, ?, ?, ?, ?, ?, ?, ?, ?, ?, ?, ?, ?, ?)',
  returning: undefined
}
[2023-03-25T23:26:17-04:00] insert: 124ms
[2023-03-25T23:26:17-04:00] fetchQuotes: 510ms
Result {
  command: 'INSERT',
  rowCount: 5,
  oid: 0,
  rows: [],
  fields: [],
  _parsers: undefined,
  _types: TypeOverrides {
    _types: {
      getTypeParser: [Function: getTypeParser],
      setTypeParser: [Function: setTypeParser],
      arrayParser: [Object],
      builtins: [Object]
    },
    text: {},
    binary: {}
  },
  RowCtor: null,
  rowAsArray: false
}
